This is pdfTeX, Version 3.14159265-2.6-1.40.16 (TeX Live 2015/Arch Linux) (preloaded format=pdflatex 2016.7.17)  2 SEP 2016 16:50
entering extended mode
 restricted \write18 enabled.
 %&-line parsing enabled.
**poster.tex
(/usr/share/texmf-dist/tex/generic/poster-mac/poster.tex
LaTeX2e <2015/10/01> patch level 2
Babel <3.9m> and hyphenation patterns for 79 languages loaded.
  v1.1  10/05/15  <tvz>
\@posterbox=\box26
\poster@savedbox=\box27
\poster@cropbox=\box28
)
*X

! LaTeX Error: Missing \begin{document}.

See the LaTeX manual or LaTeX Companion for explanation.
Type  H <return>  for immediate help.
 ...                                              
                                                  
<*> X
     
? 
! Emergency stop.
 ...                                              
                                                  
<*> X
     
You're in trouble here.  Try typing  <return>  to proceed.
If that doesn't work, type  X <return>  to quit.

 
Here is how much of TeX's memory you used:
 67 strings out of 493054
 1186 string characters out of 6140586
 53374 words of memory out of 5000000
 3688 multiletter control sequences out of 15000+600000
 3640 words of font info for 14 fonts, out of 8000000 for 9000
 1141 hyphenation exceptions out of 8191
 5i,0n,10p,90b,14s stack positions out of 5000i,500n,10000p,200000b,80000s
!  ==> Fatal error occurred, no output PDF file produced!
